startMon Oct  2 22:44:54 IST 2023
POST git-receive-pack (678 bytes)
Pushing to https://github.com/sourajsarkar/finalproject1.git
To https://github.com/sourajsarkar/finalproject1.git
   f21fd0c..be5237b  main -> main
updating local tracking ref 'refs/remotes/origin/main'

------------------------

Mon Oct  2 22:47:03 IST 2023
POST git-receive-pack (678 bytes)
Pushing to https://github.com/sourajsarkar/finalproject1.git
To https://github.com/sourajsarkar/finalproject1.git
   be5237b..71032b1  main -> main
updating local tracking ref 'refs/remotes/origin/main'

------------------------

Mon Oct  2 22:47:11 IST 2023
POST git-receive-pack (703 bytes)
Pushing to https://github.com/sourajsarkar/finalproject1.git
To https://github.com/sourajsarkar/finalproject1.git
   71032b1..0a0f412  main -> main
updating local tracking ref 'refs/remotes/origin/main'

------------------------

Mon Oct  2 22:47:17 IST 2023
POST git-receive-pack (556 bytes)
Pushing to https://github.com/sourajsarkar/finalproject1.git
To https://github.com/sourajsarkar/finalproject1.git
   0a0f412..8dbed3e  main -> main
updating local tracking ref 'refs/remotes/origin/main'

------------------------

